Traceback (most recent call last):
  File "C:\Users\michellexu\anaconda3\envs\rlhr\Lib\site-packages\wandb\sdk\wandb_config.py", line 165, in __getattr__
    return self.__getitem__(key)
           ^^^^^^^^^^^^^^^^^^^^^
  File "C:\Users\michellexu\anaconda3\envs\rlhr\Lib\site-packages\wandb\sdk\wandb_config.py", line 130, in __getitem__
    return self._items[key]
           ~~~~~~~~~~~^^^^^
KeyError: 'n_epochs'

The above exception was the direct cause of the following exception:

Traceback (most recent call last):
  File "C:\Users\michellexu\Pulse\engine\src\python\pulse\rl-hemorrhage-resuscitation\env\train.py", line 88, in main
    n_epochs=config.n_epochs,
             ^^^^^^^^^^^^^^^
  File "C:\Users\michellexu\anaconda3\envs\rlhr\Lib\site-packages\wandb\sdk\wandb_config.py", line 167, in __getattr__
    raise AttributeError(
AttributeError: <class 'wandb.sdk.wandb_config.Config'> object has no attribute 'n_epochs'
